<?xml version="1.0" encoding="UTF-8"?>
<!-- Generated by org.testng.reporters.JUnitXMLReporter -->
<testsuite hostname="DESKTOP-4OAQKSI" ignored="0" name="Get Weather" tests="3" failures="0" timestamp="28 Jul 2019 01:57:58 GMT" time="5.959" errors="0">
  <testcase name="getStatus" time="3.663" classname="getRequest.GetTC001"/>
  <testcase name="getWeatherDetails" time="0.743" classname="getRequest.GetTC001"/>
  <testcase name="verifyCity" time="1.479" classname="getRequest.GetTC001"/>
</testsuite> <!-- Get Weather -->
