<?xml version="1.0" encoding="UTF-8"?>
<testng-results skipped="0" failed="0" ignored="0" total="1" passed="1">
  <reporter-output>
  </reporter-output>
  <suite name="Default suite" duration-ms="3081" started-at="2020-02-19T06:06:13Z" finished-at="2020-02-19T06:06:17Z">
    <groups>
    </groups>
    <test name="Default test" duration-ms="3081" started-at="2020-02-19T06:06:13Z" finished-at="2020-02-19T06:06:17Z">
      <class name="postRequest.PostTC001">
        <test-method status="PASS" signature="register()[pri:0, instance:postRequest.PostTC001@42d80b78]" name="register" duration-ms="3053" started-at="2020-02-19T06:06:13Z" finished-at="2020-02-19T06:06:17Z">
          <reporter-output>
          </reporter-output>
        </test-method> <!-- register -->
      </class> <!-- postRequest.PostTC001 -->
    </test> <!-- Default test -->
  </suite> <!-- Default suite -->
</testng-results>
